0 info it worked if it ends with ok
1 verbose cli [ '/usr/bin/node', '/usr/bin/npm', 'install' ]
2 info using npm@1.4.29
3 info using node@v0.10.43
4 verbose node symlink /usr/bin/node
5 warn deprecated This version of npm lacks support for important features,
6 warn deprecated such as scoped packages, offered by the primary npm
7 warn deprecated registry. Consider upgrading to at least npm@2, if not the
8 warn deprecated latest stable version. To upgrade to npm@2, run:
9 warn deprecated npm -g install npm@latest-2
10 warn deprecated To upgrade to the latest stable version, run:
11 warn deprecated npm -g install npm@latest
12 warn deprecated (Depending on how Node.js was installed on your system, you
13 warn deprecated may need to prefix the preceding commands with `sudo`, or if
14 warn deprecated on Windows, run them from an Administrator prompt.)
15 warn deprecated If you're running the version of npm bundled with
16 warn deprecated Node.js 0.10 LTS, be aware that the next version of 0.10 LTS
17 warn deprecated will be bundled with a version of npm@2, which has some small
18 warn deprecated backwards-incompatible changes made to `npm run-script` and
19 warn deprecated semver behavior.
20 error install Couldn't read dependencies
21 error Failed to parse json
21 error Unexpected token /
22 error File: /home/temirlan/Front/SnakeXSnake/2016_1_AdaptivnyMultiTest/package.json
23 error Failed to parse package.json data.
23 error package.json must be actual JSON, not just JavaScript.
23 error
23 error This is not a bug in npm.
23 error Tell the package author to fix their package.json file. JSON.parse
24 error System Linux 3.19.0-25-generic
25 error command "/usr/bin/node" "/usr/bin/npm" "install"
26 error cwd /home/temirlan/Front/SnakeXSnake/2016_1_AdaptivnyMultiTest
27 error node -v v0.10.43
28 error npm -v 1.4.29
29 error file /home/temirlan/Front/SnakeXSnake/2016_1_AdaptivnyMultiTest/package.json
30 error code EJSONPARSE
31 verbose exit [ 1, true ]
